0 info it worked if it ends with ok
1 verbose cli [ 'node', '/usr/local/bin/npm', 'install', '-g', 'less' ]
2 info using npm@1.3.2
3 info using node@v0.10.13
4 verbose cache add [ 'less', null ]
5 verbose cache add name=undefined spec="less" args=["less",null]
6 verbose parsed url { protocol: null,
6 verbose parsed url   slashes: null,
6 verbose parsed url   auth: null,
6 verbose parsed url   host: null,
6 verbose parsed url   port: null,
6 verbose parsed url   hostname: null,
6 verbose parsed url   hash: null,
6 verbose parsed url   search: null,
6 verbose parsed url   query: null,
6 verbose parsed url   pathname: 'less',
6 verbose parsed url   path: 'less',
6 verbose parsed url   href: 'less' }
7 silly lockFile 0b439cf4-less less
8 verbose lock less /Users/user/.npm/0b439cf4-less.lock
9 silly lockFile 0b439cf4-less less
10 silly lockFile 0b439cf4-less less
11 verbose addNamed [ 'less', '' ]
12 verbose addNamed [ null, '*' ]
13 silly lockFile e13833ab-less less@
14 verbose lock less@ /Users/user/.npm/e13833ab-less.lock
15 silly addNameRange { name: 'less', range: '*', hasData: false }
16 verbose url raw less
17 verbose url resolving [ 'https://registry.npmjs.org/', './less' ]
18 verbose url resolved https://registry.npmjs.org/less
19 info trying registry request attempt 1 at 08:43:55
20 verbose etag "BYS328JA9AVUYPAZQ7QGO836X"
21 http GET https://registry.npmjs.org/less
22 http 304 https://registry.npmjs.org/less
23 silly registry.get cb [ 304,
23 silly registry.get   { server: 'CouchDB/1.3.1 (Erlang OTP/R15B03)',
23 silly registry.get     etag: '"BYS328JA9AVUYPAZQ7QGO836X"',
23 silly registry.get     date: 'Wed, 30 Oct 2013 08:43:57 GMT',
23 silly registry.get     'content-length': '0' } ]
24 verbose etag less from cache
25 silly addNameRange number 2 { name: 'less', range: '*', hasData: true }
26 silly addNameRange versions [ 'less',
26 silly addNameRange   [ '1.0.10',
26 silly addNameRange     '1.0.11',
26 silly addNameRange     '1.0.14',
26 silly addNameRange     '1.0.18',
26 silly addNameRange     '1.0.19',
26 silly addNameRange     '1.0.21',
26 silly addNameRange     '1.0.32',
26 silly addNameRange     '1.0.36',
26 silly addNameRange     '1.0.5',
26 silly addNameRange     '1.0.40',
26 silly addNameRange     '1.0.41',
26 silly addNameRange     '1.0.44',
26 silly addNameRange     '1.1.0',
26 silly addNameRange     '1.1.1',
26 silly addNameRange     '1.1.2',
26 silly addNameRange     '1.1.4',
26 silly addNameRange     '1.1.5',
26 silly addNameRange     '1.1.6',
26 silly addNameRange     '1.2.0',
26 silly addNameRange     '1.2.1',
26 silly addNameRange     '1.2.2',
26 silly addNameRange     '1.3.0',
26 silly addNameRange     '1.3.1',
26 silly addNameRange     '1.3.2',
26 silly addNameRange     '1.3.3',
26 silly addNameRange     '1.4.0-b1',
26 silly addNameRange     '1.4.0-b2',
26 silly addNameRange     '1.4.0-b3',
26 silly addNameRange     '1.4.0-b4',
26 silly addNameRange     '1.4.0',
26 silly addNameRange     '1.4.1',
26 silly addNameRange     '1.4.2',
26 silly addNameRange     '1.5.0-b1',
26 silly addNameRange     '1.5.0-b2',
26 silly addNameRange     '1.5.0-b3',
26 silly addNameRange     '1.5.0-b4',
26 silly addNameRange     '1.5.0' ] ]
27 verbose addNamed [ 'less', '1.5.0' ]
28 verbose addNamed [ '1.5.0', '1.5.0' ]
29 silly lockFile 25b912ac-less-1-5-0 less@1.5.0
30 verbose lock less@1.5.0 /Users/user/.npm/25b912ac-less-1-5-0.lock
31 silly lockFile 25b912ac-less-1-5-0 less@1.5.0
32 silly lockFile 25b912ac-less-1-5-0 less@1.5.0
33 silly lockFile e13833ab-less less@
34 silly lockFile e13833ab-less less@
35 silly resolved [ { name: 'less',
35 silly resolved     version: '1.5.0',
35 silly resolved     description: 'Leaner CSS',
35 silly resolved     homepage: 'http://lesscss.org',
35 silly resolved     author: { name: 'Alexis Sellier', email: 'self@cloudhead.net' },
35 silly resolved     contributors: [ [Object] ],
35 silly resolved     bugs: { url: 'https://github.com/less/less.js/issues' },
35 silly resolved     repository: { type: 'git', url: 'https://github.com/less/less.js.git' },
35 silly resolved     licenses: [ [Object] ],
35 silly resolved     bin: { lessc: './bin/lessc' },
35 silly resolved     main: './lib/less/index',
35 silly resolved     directories: { test: './test' },
35 silly resolved     jam: { main: './dist/less-1.5.0.js' },
35 silly resolved     engines: { node: '>=0.4.2' },
35 silly resolved     scripts: { test: 'grunt test' },
35 silly resolved     optionalDependencies:
35 silly resolved      { mime: '1.2.x',
35 silly resolved        request: '>=2.12.0',
35 silly resolved        mkdirp: '~0.3.4',
35 silly resolved        'clean-css': '1.0.x',
35 silly resolved        'source-map': '0.1.x' },
35 silly resolved     devDependencies:
35 silly resolved      { diff: '~1.0',
35 silly resolved        grunt: '~0.4.1',
35 silly resolved        'grunt-contrib-clean': '~0.5.0',
35 silly resolved        'grunt-contrib-concat': '~0.3.0',
35 silly resolved        'grunt-contrib-connect': '~0.3.0',
35 silly resolved        'grunt-contrib-jasmine': '~0.5.1',
35 silly resolved        'grunt-contrib-jshint': '~0.6.0',
35 silly resolved        'grunt-contrib-uglify': '~0.2.2',
35 silly resolved        'grunt-shell': '~0.3.1',
35 silly resolved        'http-server': '~0.5.5',
35 silly resolved        matchdep: '~0.1.2',
35 silly resolved        'time-grunt': '~0.1.1' },
35 silly resolved     keywords:
35 silly resolved      [ 'compile less',
35 silly resolved        'css nesting',
35 silly resolved        'css variable',
35 silly resolved        'css',
35 silly resolved        'gradients css',
35 silly resolved        'gradients css3',
35 silly resolved        'less compiler',
35 silly resolved        'less css',
35 silly resolved        'less mixins',
35 silly resolved        'less',
35 silly resolved        'less.js',
35 silly resolved        'lesscss',
35 silly resolved        'mixins',
35 silly resolved        'nested css',
35 silly resolved        'parser',
35 silly resolved        'preprocessor',
35 silly resolved        'bootstrap css',
35 silly resolved        'bootstrap less',
35 silly resolved        'style',
35 silly resolved        'styles',
35 silly resolved        'stylesheet',
35 silly resolved        'variables in css',
35 silly resolved        'css less' ],
35 silly resolved     readme: '# [Less.js v1.5.0-b1](http://lesscss.org)\n\n> The **dynamic** stylesheet language. [http://lesscss.org](http://lesscss.org).\n\nThis is the JavaScript, and now official, stable version of LESS.\n\n\n## Getting Started\n\nOptions for adding Less.js to your project:\n\n* Install with [NPM](https://npmjs.org/): `npm install less`\n* [Download the latest release][download]\n* Clone the repo: `git clone git://github.com/less/less.js.git`\n\n\n\n## Feature Highlights\nLESS extends CSS with dynamic features such as:\n\n* [nesting](#nesting)\n* [variables](#variables)\n* [operations](#operations)\n* [mixins](#mixins)\n* [extend](#extend) (selector inheritance)\n\nTo learn about the many other features Less.js has to offer please visit [http://lesscss.org](http://lesscss.org) and [the Less.js wiki][wiki]\n\n\n### Examples\n#### nesting\nTake advantage of nesting to make code more readable and maintainable. This:\n\n```less\n.nav > li > a {\n  border: 1px solid #f5f5f5;\n  &:hover {\n    border-color: #ddd;\n  }\n}\n```\n\nrenders to:\n\n```css\n.nav > li > a {\n  border: 1px solid #f5f5f5;\n}\n.nav > li > a:hover {\n  border-color: #ddd;\n}\n```\n\n\n#### variables\nUpdated commonly used values from a single location.\n\n```less\n// Variables ("inline" comments like this can be used)\n@link-color:  #428bca; // appears as "sea blue"\n\n/* Or "block comments" that span\n   multiple lines, like this */\na {\n  color: @link-color; // use the variable in styles\n}\n```\n\nVariables can also be used in `@import` statements, URLs, selector names, and more.\n\n\n\n#### operations\nContinuing with the same example above, we can use our variables even easier to maintain with _operations_, which enables the use of addition, subraction, multiplication and division in your styles:\n\n```less\n// Variables\n@link-color:        #428bca;\n@link-color-hover:  darken(@link-color, 10%);\n\n// Styles\na {\n  color: @link-color;\n}\na:hover {\n  color: @link-color-hover;\n}\n```\nrenders to:\n\n```css\na {\n  color: #428bca;\n}\na:hover {\n  color: #3071a9;\n}\n```\n\n#### mixins\n##### "implicit" mixins\nMixins enable you to apply the styles of one selector inside another selector like this:\n\n```less\n// Any "regular" class...\n.link {\n  color: @link-color;\n}\na {\n  font-weight: bold;\n  .link; // ...can be used as an "implicit" mixin\n}\n```\n\nrenders to:\n\n```css\n.link {\n  color: #428bca;\n}\na {\n  font-weight: bold;\n  color: #428bca;\n}\n```\n\nSo any selector can be an "implicit mixin". We\'ll show you a DRYer way to do this below.\n\n\n\n##### parametric mixins\nMixins can also accept parameters:\n\n```less\n// Transition mixin\n.transition(@transition) {\n  -webkit-transition: @transition;\n     -moz-transition: @transition;\n       -o-transition: @transition;\n          transition: @transition;\n}\n```\n\nused like this:\n\n```less\na {\n  font-weight: bold;\n  color: @link-color;\n  .transition(color .2s ease-in-out);\n  // Hover state\n  &:hover {\n    color: @link-color-hover;\n  }\n}\n```\n\nrenders to:\n\n```css\na {\n  font-weight: bold;\n  color: #428bca;\n  -webkit-transition: color 0.2s ease-in-out;\n     -moz-transition: color 0.2s ease-in-out;\n       -o-transition: color 0.2s ease-in-out;\n          transition: color 0.2s ease-in-out;\n}\na:hover {\n  color: #3071a9;\n}\n```\n\n\n#### extend\nThe `extend` feature can be thought of as the _inverse_ of mixins. It accomplishes the goal of "borrowing styles", but rather than copying all the rules of _Selector A_ over to _Selector B_, `extend` copies the name of the _inheriting selector_ (_Selector B_) over to the _extending selector_ (_Selector A_). So continuing with the example used for [mixins](#mixins) above, extend works like this:\n\n```less\n.link {\n  color: @link-color;\n}\na:extend(.link) {\n  font-weight: bold;\n}\n// Can also be written as\na {\n  &:extend(.link);\n  font-weight: bold;\n}\n```\n\nrenders to:\n\n```css\n.link, a {\n  color: #428bca;\n}\n```\n\n## Usage\n\n### Compiling and Parsing\nInvoke the compiler from node:\n\n```javascript\nvar less = require(\'less\');\n\nless.render(\'.class { width: (1 + 1) }\', function (e, css) {\n    console.log(css);\n});\n```\n\nOutputs:\n\n```css\n.class {\n  width: 2;\n}\n```\n\nYou may also manually invoke the parser and compiler:\n\n```javascript\nvar parser = new(less.Parser);\n\nparser.parse(\'.class { width: (1 + 1) }\', function (err, tree) {\n    if (err) { return console.error(err) }\n    console.log(tree.toCSS());\n});\n```\n\n\n### Configuration\nYou may also pass options to the compiler:\n\n```javascript\nvar parser = new(less.Parser)({\n    paths: [\'.\', \'./src/less\'], // Specify search paths for @import directives\n    filename: \'style.less\'      // Specify a filename, for better error messages\n});\n\nparser.parse(\'.class { width: (1 + 1) }\', function (e, tree) {\n    tree.toCSS({ compress: true }); // Minify CSS output\n});\n```\n\n## More information\n\nFor general information on the language, configuration options or usage visit [lesscss.org](http://lesscss.org) or [the less wiki][wiki].\n\nHere are other resources for using Less.js:\n\n* [stackoverflow.com][so] is a great place to get answers about Less.\n* [node.js tools](https://github.com/less/less.js/wiki/Converting-LESS-to-CSS) for converting Less to CSS\n* [GUI compilers for Less](https://github.com/less/less.js/wiki/GUI-compilers-that-use-LESS.js)\n* [Less.js Issues][issues] for reporting bugs\n\n\n\n## Contributing\nPlease read [CONTRIBUTING.md](./CONTRIBUTING.md). Add unit tests for any new or changed functionality. Lint and test your code using [Grunt](http://gruntjs.com/).\n\n### Reporting Issues\n\nBefore opening any issue, please search for existing issues and read the [Issue Guidelines](https://github.com/necolas/issue-guidelines), written by [Nicolas Gallagher](https://github.com/necolas/). After that if you find a bug or would like to make feature request, [please open a new issue][issues].\n\n\n\n### Development\n\n#### Install Less.js\n\nStart by either [downloading this project][download] manually, or in the command line:\n\n```shell\ngit clone https://github.com/less/less.js.git "less"\n```\nand then `cd less`.\n\n\n#### Install dependencies\n\nTo install all the dependencies for less development, run:\n\n```shell\nnpm install\n```\n\nIf you haven\'t run grunt before, install grunt-cli globally so you can just run `grunt`\n\n```shell\nnpm install grunt-cli -g\n```\n\nYou should now be able to build Less.js, run tests, benchmarking, and other tasks listed in the Gruntfile.\n\n## Using Less.js Grunt\n\nTests, benchmarking and building is done using Grunt `~0.4.1`. If you haven\'t used [Grunt](http://gruntjs.com/) before, be sure to check out the [Getting Started](http://gruntjs.com/getting-started) guide, as it explains how to install and use Grunt plugins, which are necessary for development with Less.js.\n\nThe Less.js [Gruntfile](Gruntfile.js) is configured with the following "convenience tasks" :\n\n#### test - `grunt`\nRuns jshint, nodeunit and headless jasmine tests using [phantomjs](http://code.google.com/p/phantomjs/). You must have phantomjs installed for the jasmine tests to run.\n\n#### test - `grunt benchmark`\nRuns the benchmark suite.\n\n#### build for testing browser - \'grunt browser\'\nThis builds less.js and puts it in \'test/browser/less.js\'\n\n#### build - `grunt stable | grunt beta | grunt alpha`\nBuilds Less.js from from the `/lib/less` source files. This is done by the developer releasing a new release, do not do this if you are creating a pull request.\n\n#### readme - `grunt readme`\nBuild the README file from [a template](build/README.md) to ensure that metadata is up-to-date and (more likely to be) correct.\n\nPlease review the [Gruntfile](Gruntfile.js) to become acquainted with the other available tasks.\n\n**Please note** that if you have any issues installing dependencies or running any of the Gruntfile commands, please make sure to uninstall any previous versions, both in the local node_modules directory, and clear your global npm cache, and then try running `npm install` again. After that if you still have issues, please let us know about it so we can help.\n\n\n## Release History\nSee the [changelog](CHANGELOG.md)\n\n## [License](LICENSE)\n\nCopyright (c) 2009-2013 [Alexis Sellier](http://cloudhead.io/) & The Core Less Team\nLicensed under the [Apache License](LICENSE).\n\n\n[so]: http://stackoverflow.com/questions/tagged/twitter-bootstrap+less "StackOverflow.com"\n[issues]: https://github.com/less/less.js/issues "GitHub Issues for Less.js"\n[wiki]: https://github.com/less/less.js/wiki "The official wiki for Less.js"\n[download]: https://github.com/less/less.js/zipball/master "Download Less.js"\n',
35 silly resolved     readmeFilename: 'README.md',
35 silly resolved     dependencies:
35 silly resolved      { mime: '1.2.x',
35 silly resolved        request: '>=2.12.0',
35 silly resolved        mkdirp: '~0.3.4',
35 silly resolved        'clean-css': '1.0.x',
35 silly resolved        'source-map': '0.1.x' },
35 silly resolved     _id: 'less@1.5.0',
35 silly resolved     _from: 'less@' } ]
36 info install less@1.5.0 into /usr/local/lib
37 info installOne less@1.5.0
38 info /usr/local/lib/node_modules/less unbuild
39 verbose tar unpack /Users/user/.npm/less/1.5.0/package.tgz
40 silly lockFile 7a611c47--usr-local-lib-node-modules-less tar:///usr/local/lib/node_modules/less
41 verbose lock tar:///usr/local/lib/node_modules/less /Users/user/.npm/7a611c47--usr-local-lib-node-modules-less.lock
42 silly lockFile 5de8d516--user-npm-less-1-5-0-package-tgz tar:///Users/user/.npm/less/1.5.0/package.tgz
43 verbose lock tar:///Users/user/.npm/less/1.5.0/package.tgz /Users/user/.npm/5de8d516--user-npm-less-1-5-0-package-tgz.lock
44 silly gunzTarPerm modes [ '755', '644' ]
45 error Error: EACCES, mkdir '/usr/local/lib/node_modules/less'
45 error  { [Error: EACCES, mkdir '/usr/local/lib/node_modules/less']
45 error   errno: 3,
45 error   code: 'EACCES',
45 error   path: '/usr/local/lib/node_modules/less',
45 error   fstream_type: 'Directory',
45 error   fstream_path: '/usr/local/lib/node_modules/less',
45 error   fstream_class: 'DirWriter',
45 error   fstream_stack:
45 error    [ '/usr/local/lib/node_modules/npm/node_modules/fstream/lib/dir-writer.js:36:23',
45 error      '/usr/local/lib/node_modules/npm/node_modules/mkdirp/index.js:37:53',
45 error      'Object.oncomplete (fs.js:107:15)' ] }
46 error Please try running this command again as root/Administrator.
47 error System Darwin 13.0.0
48 error command "node" "/usr/local/bin/npm" "install" "-g" "less"
49 error cwd /Users/user/dev/beThere
50 error node -v v0.10.13
51 error npm -v 1.3.2
52 error path /usr/local/lib/node_modules/less
53 error fstream_path /usr/local/lib/node_modules/less
54 error fstream_type Directory
55 error fstream_class DirWriter
56 error code EACCES
57 error errno 3
58 error stack Error: EACCES, mkdir '/usr/local/lib/node_modules/less'
59 error fstream_stack /usr/local/lib/node_modules/npm/node_modules/fstream/lib/dir-writer.js:36:23
59 error fstream_stack /usr/local/lib/node_modules/npm/node_modules/mkdirp/index.js:37:53
59 error fstream_stack Object.oncomplete (fs.js:107:15)
60 verbose exit [ 3, true ]
